Using pre-set license
Built from '2022.1/staging' branch; Version is '2022.1.0b8 (cca363eec1bc) revision 13411171'; Using compiler version '192829333'; Build Type 'Release'
OS: 'Windows 10  (10.0.19045) 64bit ProfessionalEducation' Language: 'es' Physical Memory: 32698 MB
BatchMode: 1, IsHumanControllingUs: 0, StartBugReporterOnCrash: 0, Is64bit: 1, IsPro: 0

COMMAND LINE ARGUMENTS:
C:\Program Files\Unity\Hub\Editor\2022.1.0b8\Editor\Unity.exe
-adb2
-batchMode
-noUpm
-name
AssetImportWorker0
-projectPath
C:/Users/usuario/Documents/Javier/PR e IA/UA/capitulo2
-logFile
Logs/AssetImportWorker0.log
-srvPort
58769
Successfully changed project path to: C:/Users/usuario/Documents/Javier/PR e IA/UA/capitulo2
C:/Users/usuario/Documents/Javier/PR e IA/UA/capitulo2
[UnityMemory] Configuration Parameters - Can be set up in boot.config
    "memorysetup-bucket-allocator-granularity=16"
    "memorysetup-bucket-allocator-bucket-count=8"
    "memorysetup-bucket-allocator-block-size=33554432"
    "memorysetup-bucket-allocator-block-count=8"
    "memorysetup-main-allocator-block-size=16777216"
    "memorysetup-thread-allocator-block-size=16777216"
    "memorysetup-gfx-main-allocator-block-size=16777216"
    "memorysetup-gfx-thread-allocator-block-size=16777216"
    "memorysetup-cache-allocator-block-size=4194304"
    "memorysetup-typetree-allocator-block-size=2097152"
    "memorysetup-profiler-bucket-allocator-granularity=16"
    "memorysetup-profiler-bucket-allocator-bucket-count=8"
    "memorysetup-profiler-bucket-allocator-block-size=33554432"
    "memorysetup-profiler-bucket-allocator-block-count=8"
    "memorysetup-profiler-allocator-block-size=16777216"
    "memorysetup-profiler-editor-allocator-block-size=1048576"
    "memorysetup-temp-allocator-size-main=16777216"
    "memorysetup-job-temp-allocator-block-size=2097152"
    "memorysetup-job-temp-allocator-block-size-background=1048576"
    "memorysetup-job-temp-allocator-reduction-small-platforms=262144"
    "memorysetup-temp-allocator-size-background-worker=32768"
    "memorysetup-temp-allocator-size-job-worker=262144"
    "memorysetup-temp-allocator-size-preload-manager=33554432"
    "memorysetup-temp-allocator-size-nav-mesh-worker=65536"
    "memorysetup-temp-allocator-size-audio-worker=65536"
    "memorysetup-temp-allocator-size-cloud-worker=32768"
    "memorysetup-temp-allocator-size-gi-baking-worker=262144"
    "memorysetup-temp-allocator-size-gfx=262144"
Refreshing native plugins compatible for Editor in 66.65 ms, found 2 plugins.
Preloading 0 native plugins for Editor in 0.00 ms.
Initialize engine version: 2022.1.0b8 (cca363eec1bc)
[Subsystems] Discovering subsystems at path C:/Program Files/Unity/Hub/Editor/2022.1.0b8/Editor/Data/Resources/UnitySubsystems
[Subsystems] Discovering subsystems at path C:/Users/usuario/Documents/Javier/PR e IA/UA/capitulo2/Assets
GfxDevice: creating device client; threaded=0; jobified=0
Direct3D:
    Version:  Direct3D 11.0 [level 11.1]
    Renderer: NVIDIA GeForce RTX 4060 Ti (ID=0x2803)
    Vendor:   NVIDIA
    VRAM:     16109 MB
    Driver:   32.0.15.6590
Initialize mono
Mono path[0] = 'C:/Program Files/Unity/Hub/Editor/2022.1.0b8/Editor/Data/Managed'
Mono path[1] = 'C:/Program Files/Unity/Hub/Editor/2022.1.0b8/Editor/Data/MonoBleedingEdge/lib/mono/unityjit-win32'
Mono config path = 'C:/Program Files/Unity/Hub/Editor/2022.1.0b8/Editor/Data/MonoBleedingEdge/etc'
Using monoOptions --debugger-agent=transport=dt_socket,embedding=1,server=y,suspend=n,address=127.0.0.1:56808
Begin MonoManager ReloadAssembly
Registering precompiled unity dll's ...
Register platform support module: C:/Program Files/Unity/Hub/Editor/2022.1.0b8/Editor/Data/PlaybackEngines/WindowsStandaloneSupport/UnityEditor.WindowsStandalone.Extensions.dll
Registered in 0.015413 seconds.
Native extension for WindowsStandalone target not found
Refreshing native plugins compatible for Editor in 55.45 ms, found 2 plugins.
Preloading 0 native plugins for Editor in 0.00 ms.
Mono: successfully reloaded assembly
- Completed reload, in  0.796 seconds
Domain Reload Profiling:
	ReloadAssembly (797ms)
		BeginReloadAssembly (93ms)
			ExecutionOrderSort (0ms)
			DisableScriptedObjects (0ms)
			BackupInstance (0ms)
			ReleaseScriptingObjects (0ms)
			CreateAndSetChildDomain (1ms)
		EndReloadAssembly (554ms)
			LoadAssemblies (89ms)
			RebuildTransferFunctionScriptingTraits (0ms)
			SetupTypeCache (137ms)
				TypeCache.Initialize (137ms)
					TypeCache.ScanAssembly (135ms)
				ResolveRequiredComponents (0ms)
			ReleaseScriptCaches (0ms)
			RebuildScriptCaches (37ms)
			SetupLoadedEditorAssemblies (312ms)
				LogAssemblyErrors (0ms)
				InitializePlatformSupportModulesInManaged (11ms)
				SetLoadedEditorAssemblies (9ms)
				RefreshPlugins (56ms)
				BeforeProcessingInitializeOnLoad (1ms)
				ProcessInitializeOnLoadAttributes (176ms)
				ProcessInitializeOnLoadMethodAttributes (59ms)
				AfterProcessingInitializeOnLoad (0ms)
				EditorAssembliesLoaded (0ms)
			ExecutionOrderSort2 (0ms)
			AwakeInstancesAfterBackupRestoration (0ms)
Platform modules already initialized, skipping
Registering precompiled user dll's ...
Registered in 0.005406 seconds.
Begin MonoManager ReloadAssembly
Native extension for WindowsStandalone target not found
Refreshing native plugins compatible for Editor in 0.62 ms, found 2 plugins.
Preloading 0 native plugins for Editor in 0.00 ms.
Package Manager log level set to [2]
[Package Manager] Server::EnsureServerProcessIsRunning -- launch failed, reason: Unity was launched with the -noUpm command-line argument
[Package Manager] UpmClient::Send -- Unable to send message (not connected to UPM process).
[Package Manager] Cannot connect to Unity Package Manager local server
Mono: successfully reloaded assembly
- Completed reload, in  1.227 seconds
Domain Reload Profiling:
	ReloadAssembly (1228ms)
		BeginReloadAssembly (140ms)
			ExecutionOrderSort (0ms)
			DisableScriptedObjects (6ms)
			BackupInstance (0ms)
			ReleaseScriptingObjects (0ms)
			CreateAndSetChildDomain (22ms)
		EndReloadAssembly (941ms)
			LoadAssemblies (95ms)
			RebuildTransferFunctionScriptingTraits (0ms)
			SetupTypeCache (204ms)
				TypeCache.Initialize (201ms)
					TypeCache.ScanAssembly (198ms)
				ResolveRequiredComponents (3ms)
			ReleaseScriptCaches (0ms)
			RebuildScriptCaches (49ms)
			SetupLoadedEditorAssemblies (540ms)
				LogAssemblyErrors (0ms)
				InitializePlatformSupportModulesInManaged (7ms)
				SetLoadedEditorAssemblies (7ms)
				RefreshPlugins (1ms)
				BeforeProcessingInitializeOnLoad (81ms)
				ProcessInitializeOnLoadAttributes (316ms)
				ProcessInitializeOnLoadMethodAttributes (115ms)
				AfterProcessingInitializeOnLoad (13ms)
				EditorAssembliesLoaded (0ms)
			ExecutionOrderSort2 (0ms)
			AwakeInstancesAfterBackupRestoration (7ms)
Platform modules already initialized, skipping
========================================================================
Worker process is ready to serve import requests
Launched and connected shader compiler UnityShaderCompiler.exe after 0.04 seconds
Refreshing native plugins compatible for Editor in 0.56 ms, found 2 plugins.
Preloading 0 native plugins for Editor in 0.00 ms.
Unloading 2130 Unused Serialized files (Serialized files now loaded: 0)
Unloading 48 unused Assets / (57.8 KB). Loaded Objects now: 2578.
Memory consumption went from 343.1 MB to 343.1 MB.
Total: 8.580300 ms (FindLiveObjects: 0.190900 ms CreateObjectMapping: 0.051100 ms MarkObjects: 8.239600 ms  DeleteObjects: 0.096700 ms)

AssetImportParameters requested are different than current active one (requested -> active):
  custom:video-decoder-ogg-theora: a1e56fd34408186e4bbccfd4996cb3dc -> 
  custom:container-muxer-webm: aa71ff27fc2769a1b78a27578f13a17b -> 
  custom:container-demuxer-webm: 4f35f7cbe854078d1ac9338744f61a02 -> 
  custom:video-encoder-webm-vp8: eb34c28f22e8b96e1ab97ce403110664 -> 
  custom:audio-encoder-webm-vorbis: bf7c407c2cedff20999df2af8eb42d56 -> 
  custom:framework-win-MediaFoundation: 216162199b28c13a410421893ffa2e32 -> 
  custom:container-demuxer-ogg: 62fdf1f143b41e24485cea50d1cbac27 -> 
  custom:video-decoder-webm-vp8: 9c59270c3fd7afecdb556c50c9e8de78 -> 
  custom:audio-decoder-ogg-vorbis: bf7c407c2cedff20999df2af8eb42d56 -> 
========================================================================
Received Import Request.
  Time since last request: 12535.940832 seconds.
  path: Assets/Scripts/AdvancedFSM
  artifactKey: Guid(3340a0dff555f1d4092e86be76a101d6) Importer(815301076,1909f56bfc062723c751e8b465ee728b)
Start importing Assets/Scripts/AdvancedFSM using Guid(3340a0dff555f1d4092e86be76a101d6) Importer(815301076,1909f56bfc062723c751e8b465ee728b)  -> (artifact id: '2b816479eee8f08ac97f0035c8d14660') in 0.011822 seconds 
========================================================================
Received Import Request.
  Time since last request: 0.000023 seconds.
  path: Assets/Scripts
  artifactKey: Guid(ad08c899a35241642945ee8b292a0759) Importer(815301076,1909f56bfc062723c751e8b465ee728b)
Start importing Assets/Scripts using Guid(ad08c899a35241642945ee8b292a0759) Importer(815301076,1909f56bfc062723c751e8b465ee728b)  -> (artifact id: '28713a754b9d339556811a836776bd1e') in 0.010310 seconds 
========================================================================
Received Import Request.
  Time since last request: 5.903656 seconds.
  path: Assets/Scripts/Misc/Bullet.cs
  artifactKey: Guid(186a0175250c0b04aafa20c03acadb3b) Importer(815301076,1909f56bfc062723c751e8b465ee728b)
Start importing Assets/Scripts/Misc/Bullet.cs using Guid(186a0175250c0b04aafa20c03acadb3b) Importer(815301076,1909f56bfc062723c751e8b465ee728b)  -> (artifact id: '2889e5c1776edc6f55bd316d5e0f16d9') in 0.026489 seconds 
========================================================================
Received Import Request.
  Time since last request: 1.137042 seconds.
  path: Assets/Scripts/Misc/PlayerTankController.cs
  artifactKey: Guid(8cd347f342048a243a8a0b2cdc5c6101) Importer(815301076,1909f56bfc062723c751e8b465ee728b)
Start importing Assets/Scripts/Misc/PlayerTankController.cs using Guid(8cd347f342048a243a8a0b2cdc5c6101) Importer(815301076,1909f56bfc062723c751e8b465ee728b)  -> (artifact id: 'bc8bd4fee90069f0fc0b0688961f4754') in 0.018769 seconds 
========================================================================
Received Import Request.
  Time since last request: 1.836166 seconds.
  path: Assets/Scripts/Misc/AutoDestruct.cs
  artifactKey: Guid(54b0044c3356726498c3cc83a10f9b90) Importer(815301076,1909f56bfc062723c751e8b465ee728b)
Start importing Assets/Scripts/Misc/AutoDestruct.cs using Guid(54b0044c3356726498c3cc83a10f9b90) Importer(815301076,1909f56bfc062723c751e8b465ee728b)  -> (artifact id: '96251299ba2ac68863c9dcc342f15a47') in 0.010193 seconds 
========================================================================
Received Import Request.
  Time since last request: 12.046783 seconds.
  path: Assets/ParticleEffects
  artifactKey: Guid(bba7a5a883db1494ab7363f5b54f3cce) Importer(815301076,1909f56bfc062723c751e8b465ee728b)
Start importing Assets/ParticleEffects using Guid(bba7a5a883db1494ab7363f5b54f3cce) Importer(815301076,1909f56bfc062723c751e8b465ee728b)  -> (artifact id: 'f18a2311cd676bc3b5ed437a3c684ec1') in 0.010120 seconds 
========================================================================
Received Import Request.
  Time since last request: 0.068555 seconds.
  path: Assets/ParticleEffects/ground_stone_ground.jpg
  artifactKey: Guid(7ee8af9b7f8df83448f1872995be2b62) Importer(815301076,1909f56bfc062723c751e8b465ee728b)
Start importing Assets/ParticleEffects/ground_stone_ground.jpg using Guid(7ee8af9b7f8df83448f1872995be2b62) Importer(815301076,1909f56bfc062723c751e8b465ee728b)  -> (artifact id: '808a8abcfe0c438f12bf85bb685049b5') in 0.099159 seconds 
========================================================================
Received Import Request.
  Time since last request: 1.232655 seconds.
  path: Assets/ParticleEffects/Shaders
  artifactKey: Guid(03cf57793ec385345933e0b2e2b9fc09) Importer(815301076,1909f56bfc062723c751e8b465ee728b)
Start importing Assets/ParticleEffects/Shaders using Guid(03cf57793ec385345933e0b2e2b9fc09) Importer(815301076,1909f56bfc062723c751e8b465ee728b)  -> (artifact id: 'c1730573ab4ac1179eb22eba6b95d4a6') in 0.009538 seconds 
========================================================================
Received Import Request.
  Time since last request: 2.603940 seconds.
  path: Assets/ParticleEffects/Materials and Textures/Ground.mat
  artifactKey: Guid(8e2b06edc192ada4684a6c2950400e35) Importer(815301076,1909f56bfc062723c751e8b465ee728b)
Start importing Assets/ParticleEffects/Materials and Textures/Ground.mat using Guid(8e2b06edc192ada4684a6c2950400e35) Importer(815301076,1909f56bfc062723c751e8b465ee728b)  -> (artifact id: 'd96b1d2cc4dd37c105ece30b3a5d4f66') in 0.318764 seconds 
